<?xml version="1.0" encoding="UTF-8"?>
<!-- Generated by org.testng.reporters.JUnitXMLReporter -->
<testsuite ignored="0" hostname="DispatchTrack" failures="0" tests="2" name="BankingApp Test" time="33.724" errors="0" timestamp="01 May 2024 17:14:26 GMT">
  <testcase classname="com.inetBanking.testCases.TC_LoginTest_001" name="loginTest" time="1.395"/>
  <testcase classname="com.inetBanking.testCases.TC_AddCustomerTest_003" name="addNewCustomer" time="18.299"/>
</testsuite> <!-- BankingApp Test -->
