<?xml version="1.0" encoding="UTF-8"?>
<testng-results ignored="0" total="2" passed="2" failed="0" skipped="0">
  <reporter-output>
  </reporter-output>
  <suite started-at="2024-05-01T17:13:52Z" name="InetBankingV1" finished-at="2024-05-01T17:14:26Z" duration-ms="33724">
    <groups>
    </groups>
    <test started-at="2024-05-01T17:13:52Z" name="BankingApp Test" finished-at="2024-05-01T17:14:26Z" duration-ms="33724">
      <class name="com.inetBanking.testCases.TC_LoginTest_001">
        <test-method is-config="true" signature="setup(java.lang.String)[pri:0, instance:com.inetBanking.testCases.TC_LoginTest_001@4bb4de6a]" started-at="2024-05-01T17:13:53Z" name="setup" finished-at="2024-05-01T17:14:00Z" duration-ms="7710" status="PASS">
          <params>
            <param index="0">
              <value>
                <![CDATA[chrome]]>
              </value>
            </param>
          </params>
          <reporter-output>
          </reporter-output>
        </test-method> <!-- setup -->
        <test-method signature="loginTest()[pri:0, instance:com.inetBanking.testCases.TC_LoginTest_001@4bb4de6a]" started-at="2024-05-01T17:14:00Z" name="loginTest" finished-at="2024-05-01T17:14:02Z" duration-ms="1395" status="PASS">
          <reporter-output>
          </reporter-output>
        </test-method> <!-- loginTest -->
        <test-method is-config="true" signature="tearDown()[pri:0, instance:com.inetBanking.testCases.TC_LoginTest_001@4bb4de6a]" started-at="2024-05-01T17:14:02Z" name="tearDown" finished-at="2024-05-01T17:14:02Z" duration-ms="307" status="PASS">
          <reporter-output>
          </reporter-output>
        </test-method> <!-- tearDown -->
      </class> <!-- com.inetBanking.testCases.TC_LoginTest_001 -->
      <class name="com.inetBanking.testCases.TC_AddCustomerTest_003">
        <test-method is-config="true" signature="setup(java.lang.String)[pri:0, instance:com.inetBanking.testCases.TC_AddCustomerTest_003@7ba18f1b]" started-at="2024-05-01T17:14:02Z" name="setup" finished-at="2024-05-01T17:14:07Z" duration-ms="5412" status="PASS">
          <params>
            <param index="0">
              <value>
                <![CDATA[chrome]]>
              </value>
            </param>
          </params>
          <reporter-output>
          </reporter-output>
        </test-method> <!-- setup -->
        <test-method signature="addNewCustomer()[pri:0, instance:com.inetBanking.testCases.TC_AddCustomerTest_003@7ba18f1b]" started-at="2024-05-01T17:14:07Z" name="addNewCustomer" finished-at="2024-05-01T17:14:26Z" duration-ms="18299" status="PASS">
          <reporter-output>
          </reporter-output>
        </test-method> <!-- addNewCustomer -->
        <test-method is-config="true" signature="tearDown()[pri:0, instance:com.inetBanking.testCases.TC_AddCustomerTest_003@7ba18f1b]" started-at="2024-05-01T17:14:26Z" name="tearDown" finished-at="2024-05-01T17:14:26Z" duration-ms="282" status="PASS">
          <reporter-output>
          </reporter-output>
        </test-method> <!-- tearDown -->
      </class> <!-- com.inetBanking.testCases.TC_AddCustomerTest_003 -->
    </test> <!-- BankingApp Test -->
  </suite> <!-- InetBankingV1 -->
</testng-results>
